<?xml version="1.0" encoding="UTF-8"?>
<!-- Generated by org.testng.reporters.JUnitReportReporter -->
<testsuite hostname="Lab-637618506674516131-1" failures="0" tests="1" name="Assessment.Hybrid.NumOfQuestionHelp" time="18.250" errors="0" timestamp="2021-09-27T01:20:46 IST" skipped="0">
  <testcase classname="Assessment.Hybrid.NumOfQuestionHelp" name="Numofquesvalidation" time="18.250"/>
  <system-out/>
</testsuite> <!-- Assessment.Hybrid.NumOfQuestionHelp -->
