<?xml version="1.0" encoding="UTF-8"?>
<!-- Generated by org.testng.reporters.JUnitReportReporter -->
<testsuite hostname="Lab-637618506674516131-1" failures="0" tests="1" name="Assessment.Hybrid.TrackingInvalidOrder" time="18.478" errors="0" timestamp="25 Sep 2021 14:20:50 GMT" skipped="0">
  <testcase classname="Assessment.Hybrid.TrackingInvalidOrder" name="TrackingInvalidOrders" time="18.478"/>
</testsuite> <!-- Assessment.Hybrid.TrackingInvalidOrder -->
