<?xml version="1.0" encoding="UTF-8"?>
<!-- Generated by org.testng.reporters.JUnitReportReporter -->
<testsuite hostname="Lab-637618506674516131-1" failures="0" tests="1" name="Assessment.Hybrid.Test1" time="26.065" errors="0" timestamp="24 Sep 2021 04:11:09 GMT" skipped="0">
  <testcase classname="Assessment.Hybrid.Test1" name="testing" time="26.065"/>
</testsuite> <!-- Assessment.Hybrid.Test1 -->
