<?xml version="1.0" encoding="UTF-8"?>
<!-- Generated by org.testng.reporters.JUnitReportReporter -->
<testsuite hostname="Lab-637618506674516131-1" failures="0" tests="1" name="Assessment.Hybrid.LoginInvalidCredentials" time="34.365" errors="0" timestamp="2021-09-27T01:22:13 IST" skipped="0">
  <testcase classname="Assessment.Hybrid.LoginInvalidCredentials" name="LoginWithInvalidCredential" time="34.365"/>
  <system-out/>
</testsuite> <!-- Assessment.Hybrid.LoginInvalidCredentials -->
