<?xml version="1.0" encoding="UTF-8"?>
<!-- Generated by org.testng.reporters.JUnitReportReporter -->
<testsuite hostname="Lab-637618506674516131-1" failures="0" tests="1" name="Assessment.Hybrid.ValidatingTableResults" time="11.211" errors="0" timestamp="2021-09-26T23:00:24 IST" skipped="0">
  <testcase classname="Assessment.Hybrid.ValidatingTableResults" name="validatingtablesearchresults" time="11.211"/>
  <system-out/>
</testsuite> <!-- Assessment.Hybrid.ValidatingTableResults -->
