<?xml version="1.0" encoding="UTF-8"?>
<!-- Generated by org.testng.reporters.JUnitReportReporter -->
<testsuite hostname="Lab-637618506674516131-1" failures="0" tests="1" name="Assessment.Hybrid.ValidatingNumOfStores" time="20.359" errors="0" timestamp="25 Sep 2021 14:40:52 GMT" skipped="0">
  <testcase classname="Assessment.Hybrid.ValidatingNumOfStores" name="NumOfStores" time="20.359"/>
</testsuite> <!-- Assessment.Hybrid.ValidatingNumOfStores -->
