<?xml version="1.0" encoding="UTF-8"?>
<!-- Generated by org.testng.reporters.JUnitReportReporter -->
<testsuite hostname="Lab-637618506674516131-1" failures="0" tests="1" name="Assessment.Hybrid.ValidatingNumOfStores" time="21.630" errors="0" timestamp="26 Sep 2021 17:48:49 GMT" skipped="0">
  <testcase classname="Assessment.Hybrid.ValidatingNumOfStores" name="NumOfStores" time="21.630"/>
</testsuite> <!-- Assessment.Hybrid.ValidatingNumOfStores -->
