<?xml version="1.0" encoding="UTF-8"?>
<!-- Generated by org.testng.reporters.JUnitReportReporter -->
<testsuite hostname="Lab-637618506674516131-1" failures="0" tests="1" name="Assessment.Hybrid.ValidatingTVunitsinstorage" time="16.114" errors="0" timestamp="25 Sep 2021 14:40:52 GMT" skipped="0">
  <testcase classname="Assessment.Hybrid.ValidatingTVunitsinstorage" name="validatingtvunitsinstorage" time="16.114"/>
</testsuite> <!-- Assessment.Hybrid.ValidatingTVunitsinstorage -->
