<?xml version="1.0" encoding="UTF-8"?>
<!-- Generated by org.testng.reporters.JUnitReportReporter -->
<testsuite hostname="Lab-637618506674516131-1" failures="0" tests="1" name="Assessment.Hybrid.LoginInvalidCredentials" time="30.567" errors="0" timestamp="25 Sep 2021 15:01:21 GMT" skipped="0">
  <testcase classname="Assessment.Hybrid.LoginInvalidCredentials" name="LoginWithInvalidCredential" time="30.567"/>
</testsuite> <!-- Assessment.Hybrid.LoginInvalidCredentials -->
