<?xml version="1.0" encoding="UTF-8"?>
<!-- Generated by org.testng.reporters.JUnitReportReporter -->
<testsuite hostname="Lab-637618506674516131-1" failures="0" tests="1" name="Assessment.Hybrid.NumOfQuestionHelp" time="16.002" errors="0" timestamp="25 Sep 2021 15:01:21 GMT" skipped="0">
  <testcase classname="Assessment.Hybrid.NumOfQuestionHelp" name="Numofquesvalidation" time="16.002"/>
</testsuite> <!-- Assessment.Hybrid.NumOfQuestionHelp -->
