<?xml version="1.0" encoding="UTF-8"?>
<!-- Generated by org.testng.reporters.JUnitReportReporter -->
<testsuite hostname="Lab-637618506674516131-1" failures="0" tests="1" name="Assessment.Hybrid.ValidatingTableResults" time="8.229" errors="0" timestamp="26 Sep 2021 17:48:49 GMT" skipped="0">
  <testcase classname="Assessment.Hybrid.ValidatingTableResults" name="validatingtablesearchresults" time="8.229"/>
</testsuite> <!-- Assessment.Hybrid.ValidatingTableResults -->
